ğŸš€ Starting Phase 2 & 3: Setup and Execution
ğŸ”¨ Building kcli...
ğŸ¯ Phase 2: Real Cluster Test Preparation
ğŸ“¦ [1/8] Creating Namespaces...
namespace/kcli-test-1 configured
   âœ… Namespace kcli-test-1 created
namespace/kcli-test-2 configured
   âœ… Namespace kcli-test-2 created
namespace/kcli-test-3 configured
   âœ… Namespace kcli-test-3 created
ğŸš€ [2/8] Creating Deployments...
deployment.apps/nginx-dep configured
deployment.apps/redis-dep configured
   âœ… Deployments created
ğŸŒ [3/8] Creating Services...
service/nginx-svc configured
   âœ… Services created
ğŸ“ [4/8] Creating ConfigMaps & Secrets...
configmap/app-config configured
secret/app-secret configured
   âœ… ConfigMaps & Secrets created
ğŸ’¾ [5/8] Creating StatefulSet...
statefulset.apps/web unchanged
   âœ… StatefulSet created
ğŸ‘» [6/8] Creating DaemonSet...
daemonset.apps/fluentd-elasticsearch unchanged
   âœ… DaemonSet created
â° [7/8] Creating Jobs & CronJobs...
job.batch "hello-job" deleted
cronjob.batch "hello-cron" deleted
job.batch/hello-job created
cronjob.batch/hello-cron created
   âœ… Jobs & CronJobs created
ğŸ”’ [8/8] Creating RBAC Roles...
role.rbac.authorization.k8s.io/pod-reader configured
rolebinding.rbac.authorization.k8s.io/read-pods configured
   âœ… RBAC resources created
ğŸ‰ Phase 2 Complete: Cluster populated with test resources.
ğŸ§ª Running Phase 3: kcli Validation Suite...
=== RUN   TestKCLICoreCommands
=== RUN   TestKCLICoreCommands/Get_Pods_All_Namespaces
    suite_test.go:33: Executed: kcli get pods -A (took 100.722333ms)
=== RUN   TestKCLICoreCommands/Get_Nodes
    suite_test.go:33: Executed: kcli get nodes (took 43.734708ms)
=== RUN   TestKCLICoreCommands/Namespace_Switch
    suite_test.go:33: Executed: kcli ns default (took 59.456541ms)
    suite_test.go:90: Expected output to contain 'namespace', but got:
        Context "docker-desktop" modified.
        Namespace set to "default"
=== RUN   TestKCLICoreCommands/Invalid_Command
    suite_test.go:33: Executed: kcli invalid-cmd (took 30.525167ms)
=== RUN   TestKCLICoreCommands/Version
    suite_test.go:33: Executed: kcli version (took 7.570542ms)
--- FAIL: TestKCLICoreCommands (0.24s)
    --- PASS: TestKCLICoreCommands/Get_Pods_All_Namespaces (0.10s)
    --- PASS: TestKCLICoreCommands/Get_Nodes (0.04s)
    --- FAIL: TestKCLICoreCommands/Namespace_Switch (0.06s)
    --- PASS: TestKCLICoreCommands/Invalid_Command (0.03s)
    --- PASS: TestKCLICoreCommands/Version (0.01s)
=== RUN   TestKCLINamespaceScoped
=== RUN   TestKCLINamespaceScoped/Get_Deployments_in_kcli-test-1
    suite_test.go:33: Executed: kcli get deploy -n kcli-test-1 (took 41.3595ms)
=== RUN   TestKCLINamespaceScoped/Get_Services_in_kcli-test-1
    suite_test.go:33: Executed: kcli get svc -n kcli-test-1 (took 43.368625ms)
--- PASS: TestKCLINamespaceScoped (0.08s)
    --- PASS: TestKCLINamespaceScoped/Get_Deployments_in_kcli-test-1 (0.04s)
    --- PASS: TestKCLINamespaceScoped/Get_Services_in_kcli-test-1 (0.04s)
FAIL
FAIL	kcli_validation	0.830s
FAIL
