{"$message_type":"diagnostic","message":"proc macro panicked","code":null,"level":"error","spans":[{"file_name":"src/main.rs","byte_start":1097,"byte_end":1123,"line_start":34,"line_end":34,"column_start":14,"column_end":40,"is_primary":true,"text":[{"text":"        .run(tauri::generate_context!())","highlight_start":14,"highlight_end":40}],"label":null,"suggested_replacement":null,"suggestion_applicability":null,"expansion":null}],"children":[{"message":"message: The `frontendDist` configuration is set to `\"../dist\"` but this path doesn't exist","code":null,"level":"help","spans":[],"children":[],"rendered":null}],"rendered":"\u001b[1m\u001b[91merror\u001b[0m\u001b[1m: proc macro panicked\u001b[0m\n  \u001b[1m\u001b[94m--> \u001b[0msrc/main.rs:34:14\n   \u001b[1m\u001b[94m|\u001b[0m\n\u001b[1m\u001b[94m34\u001b[0m \u001b[1m\u001b[94m|\u001b[0m         .run(tauri::generate_context!())\n   \u001b[1m\u001b[94m|\u001b[0m              \u001b[1m\u001b[91m^^^^^^^^^^^^^^^^^^^^^^^^^^\u001b[0m\n   \u001b[1m\u001b[94m|\u001b[0m\n   \u001b[1m\u001b[94m= \u001b[0m\u001b[1mhelp\u001b[0m: message: The `frontendDist` configuration is set to `\"../dist\"` but this path doesn't exist\n\n"}
{"$message_type":"diagnostic","message":"cannot find function `post` in crate `reqwest`","code":{"code":"E0425","explanation":"An unresolved name was used.\n\nErroneous code examples:\n\n```compile_fail,E0425\nsomething_that_doesnt_exist::foo;\n// error: unresolved name `something_that_doesnt_exist::foo`\n\n// or:\n\ntrait Foo {\n    fn bar() {\n        Self; // error: unresolved name `Self`\n    }\n}\n\n// or:\n\nlet x = unknown_variable;  // error: unresolved name `unknown_variable`\n```\n\nPlease verify that the name wasn't misspelled and ensure that the\nidentifier being referred to is valid for the given situation. Example:\n\n```\nenum something_that_does_exist {\n    Foo,\n}\n```\n\nOr:\n\n```\nmod something_that_does_exist {\n    pub static foo : i32 = 0i32;\n}\n\nsomething_that_does_exist::foo; // ok!\n```\n\nOr:\n\n```\nlet unknown_variable = 12u32;\nlet x = unknown_variable; // ok!\n```\n\nIf the item is not defined in the current module, it must be imported using a\n`use` statement, like so:\n\n```\n# mod foo { pub fn bar() {} }\n# fn main() {\nuse foo::bar;\nbar();\n# }\n```\n\nIf the item you are importing is not defined in some super-module of the\ncurrent module, then it must also be declared as public (e.g., `pub fn`).\n"},"level":"error","spans":[{"file_name":"src/sidecar.rs","byte_start":4569,"byte_end":4573,"line_start":130,"line_end":130,"column_start":26,"column_end":30,"is_primary":true,"text":[{"text":"        let _ = reqwest::post(&url).await;","highlight_start":26,"highlight_end":30}],"label":"not found in `reqwest`","suggested_replacement":null,"suggestion_applicability":null,"expansion":null}],"children":[],"rendered":"\u001b[1m\u001b[91merror[E0425]\u001b[0m\u001b[1m: cannot find function `post` in crate `reqwest`\u001b[0m\n   \u001b[1m\u001b[94m--> \u001b[0msrc/sidecar.rs:130:26\n    \u001b[1m\u001b[94m|\u001b[0m\n\u001b[1m\u001b[94m130\u001b[0m \u001b[1m\u001b[94m|\u001b[0m         let _ = reqwest::post(&url).await;\n    \u001b[1m\u001b[94m|\u001b[0m                          \u001b[1m\u001b[91m^^^^\u001b[0m \u001b[1m\u001b[91mnot found in `reqwest`\u001b[0m\n\n"}
{"$message_type":"diagnostic","message":"unused import: `tauri::Manager`","code":{"code":"unused_imports","explanation":null},"level":"warning","spans":[{"file_name":"src/main.rs","byte_start":160,"byte_end":174,"line_start":7,"line_end":7,"column_start":5,"column_end":19,"is_primary":true,"text":[{"text":"use tauri::Manager;","highlight_start":5,"highlight_end":19}],"label":null,"suggested_replacement":null,"suggestion_applicability":null,"expansion":null}],"children":[{"message":"`#[warn(unused_imports)]` (part of `#[warn(unused)]`) on by default","code":null,"level":"note","spans":[],"children":[],"rendered":null},{"message":"remove the whole `use` item","code":null,"level":"help","spans":[{"file_name":"src/main.rs","byte_start":156,"byte_end":176,"line_start":7,"line_end":8,"column_start":1,"column_end":1,"is_primary":true,"text":[{"text":"use tauri::Manager;","highlight_start":1,"highlight_end":20},{"text":"","highlight_start":1,"highlight_end":1}],"label":null,"suggested_replacement":"","suggestion_applicability":"MachineApplicable","expansion":null}],"children":[],"rendered":null}],"rendered":"\u001b[1m\u001b[33mwarning\u001b[0m\u001b[1m: unused import: `tauri::Manager`\u001b[0m\n \u001b[1m\u001b[94m--> \u001b[0msrc/main.rs:7:5\n  \u001b[1m\u001b[94m|\u001b[0m\n\u001b[1m\u001b[94m7\u001b[0m \u001b[1m\u001b[94m|\u001b[0m use tauri::Manager;\n  \u001b[1m\u001b[94m|\u001b[0m     \u001b[1m\u001b[33m^^^^^^^^^^^^^^\u001b[0m\n  \u001b[1m\u001b[94m|\u001b[0m\n  \u001b[1m\u001b[94m= \u001b[0m\u001b[1mnote\u001b[0m: `#[warn(unused_imports)]` (part of `#[warn(unused)]`) on by default\n\n"}
{"$message_type":"diagnostic","message":"no method named `as_sequence` found for reference `&serde_json::Value` in the current scope","code":{"code":"E0599","explanation":"This error occurs when a method is used on a type which doesn't implement it:\n\nErroneous code example:\n\n```compile_fail,E0599\nstruct Mouth;\n\nlet x = Mouth;\nx.chocolate(); // error: no method named `chocolate` found for type `Mouth`\n               //        in the current scope\n```\n\nIn this case, you need to implement the `chocolate` method to fix the error:\n\n```\nstruct Mouth;\n\nimpl Mouth {\n    fn chocolate(&self) { // We implement the `chocolate` method here.\n        println!(\"Hmmm! I love chocolate!\");\n    }\n}\n\nlet x = Mouth;\nx.chocolate(); // ok!\n```\n"},"level":"error","spans":[{"file_name":"src/commands.rs","byte_start":8834,"byte_end":8845,"line_start":301,"line_end":301,"column_start":25,"column_end":36,"is_primary":true,"text":[{"text":"        .and_then(|v| v.as_sequence())","highlight_start":25,"highlight_end":36}],"label":"method not found in `&serde_json::Value`","suggested_replacement":null,"suggestion_applicability":null,"expansion":null}],"children":[],"rendered":"\u001b[1m\u001b[91merror[E0599]\u001b[0m\u001b[1m: no method named `as_sequence` found for reference `&serde_json::Value` in the current scope\u001b[0m\n   \u001b[1m\u001b[94m--> \u001b[0msrc/commands.rs:301:25\n    \u001b[1m\u001b[94m|\u001b[0m\n\u001b[1m\u001b[94m301\u001b[0m \u001b[1m\u001b[94m|\u001b[0m         .and_then(|v| v.as_sequence())\n    \u001b[1m\u001b[94m|\u001b[0m                         \u001b[1m\u001b[91m^^^^^^^^^^^\u001b[0m \u001b[1m\u001b[91mmethod not found in `&serde_json::Value`\u001b[0m\n\n"}
{"$message_type":"diagnostic","message":"type annotations needed","code":{"code":"E0282","explanation":"The compiler could not infer a type and asked for a type annotation.\n\nErroneous code example:\n\n```compile_fail,E0282\nlet x = Vec::new();\n```\n\nThis error indicates that type inference did not result in one unique possible\ntype, and extra information is required. In most cases this can be provided\nby adding a type annotation. Sometimes you need to specify a generic type\nparameter manually.\n\nIn the example above, type `Vec` has a type parameter `T`. When calling\n`Vec::new`, barring any other later usage of the variable `x` that allows the\ncompiler to infer what type `T` is, the compiler needs to be told what it is.\n\nThe type can be specified on the variable:\n\n```\nlet x: Vec<i32> = Vec::new();\n```\n\nThe type can also be specified in the path of the expression:\n\n```\nlet x = Vec::<i32>::new();\n```\n\nIn cases with more complex types, it is not necessary to annotate the full\ntype. Once the ambiguity is resolved, the compiler can infer the rest:\n\n```\nlet x: Vec<_> = \"hello\".chars().rev().collect();\n```\n\nAnother way to provide the compiler with enough information, is to specify the\ngeneric type parameter:\n\n```\nlet x = \"hello\".chars().rev().collect::<Vec<char>>();\n```\n\nAgain, you need not specify the full type if the compiler can infer it:\n\n```\nlet x = \"hello\".chars().rev().collect::<Vec<_>>();\n```\n\nApart from a method or function with a generic type parameter, this error can\noccur when a type parameter of a struct or trait cannot be inferred. In that\ncase it is not always possible to use a type annotation, because all candidates\nhave the same return type. For instance:\n\n```compile_fail,E0282\nstruct Foo<T> {\n    num: T,\n}\n\nimpl<T> Foo<T> {\n    fn bar() -> i32 {\n        0\n    }\n\n    fn baz() {\n        let number = Foo::bar();\n    }\n}\n```\n\nThis will fail because the compiler does not know which instance of `Foo` to\ncall `bar` on. Change `Foo::bar()` to `Foo::<T>::bar()` to resolve the error.\n"},"level":"error","spans":[{"file_name":"src/commands.rs","byte_start":8989,"byte_end":8992,"line_start":307,"line_end":307,"column_start":20,"column_end":23,"is_primary":true,"text":[{"text":"        let name = ctx.get(\"name\")","highlight_start":20,"highlight_end":23}],"label":"cannot infer type","suggested_replacement":null,"suggestion_applicability":null,"expansion":null}],"children":[],"rendered":"\u001b[1m\u001b[91merror[E0282]\u001b[0m\u001b[1m: type annotations needed\u001b[0m\n   \u001b[1m\u001b[94m--> \u001b[0msrc/commands.rs:307:20\n    \u001b[1m\u001b[94m|\u001b[0m\n\u001b[1m\u001b[94m307\u001b[0m \u001b[1m\u001b[94m|\u001b[0m         let name = ctx.get(\"name\")\n    \u001b[1m\u001b[94m|\u001b[0m                    \u001b[1m\u001b[91m^^^\u001b[0m \u001b[1m\u001b[91mcannot infer type\u001b[0m\n\n"}
{"$message_type":"diagnostic","message":"type annotations needed","code":{"code":"E0282","explanation":"The compiler could not infer a type and asked for a type annotation.\n\nErroneous code example:\n\n```compile_fail,E0282\nlet x = Vec::new();\n```\n\nThis error indicates that type inference did not result in one unique possible\ntype, and extra information is required. In most cases this can be provided\nby adding a type annotation. Sometimes you need to specify a generic type\nparameter manually.\n\nIn the example above, type `Vec` has a type parameter `T`. When calling\n`Vec::new`, barring any other later usage of the variable `x` that allows the\ncompiler to infer what type `T` is, the compiler needs to be told what it is.\n\nThe type can be specified on the variable:\n\n```\nlet x: Vec<i32> = Vec::new();\n```\n\nThe type can also be specified in the path of the expression:\n\n```\nlet x = Vec::<i32>::new();\n```\n\nIn cases with more complex types, it is not necessary to annotate the full\ntype. Once the ambiguity is resolved, the compiler can infer the rest:\n\n```\nlet x: Vec<_> = \"hello\".chars().rev().collect();\n```\n\nAnother way to provide the compiler with enough information, is to specify the\ngeneric type parameter:\n\n```\nlet x = \"hello\".chars().rev().collect::<Vec<char>>();\n```\n\nAgain, you need not specify the full type if the compiler can infer it:\n\n```\nlet x = \"hello\".chars().rev().collect::<Vec<_>>();\n```\n\nApart from a method or function with a generic type parameter, this error can\noccur when a type parameter of a struct or trait cannot be inferred. In that\ncase it is not always possible to use a type annotation, because all candidates\nhave the same return type. For instance:\n\n```compile_fail,E0282\nstruct Foo<T> {\n    num: T,\n}\n\nimpl<T> Foo<T> {\n    fn bar() -> i32 {\n        0\n    }\n\n    fn baz() {\n        let number = Foo::bar();\n    }\n}\n```\n\nThis will fail because the compiler does not know which instance of `Foo` to\ncall `bar` on. Change `Foo::bar()` to `Foo::<T>::bar()` to resolve the error.\n"},"level":"error","spans":[{"file_name":"src/commands.rs","byte_start":9031,"byte_end":9032,"line_start":308,"line_end":308,"column_start":27,"column_end":28,"is_primary":false,"text":[{"text":"            .and_then(|v| v.as_str())","highlight_start":27,"highlight_end":28}],"label":"type must be known at this point","suggested_replacement":null,"suggestion_applicability":null,"expansion":null},{"file_name":"src/commands.rs","byte_start":9028,"byte_end":9029,"line_start":308,"line_end":308,"column_start":24,"column_end":25,"is_primary":true,"text":[{"text":"            .and_then(|v| v.as_str())","highlight_start":24,"highlight_end":25}],"label":null,"suggested_replacement":null,"suggestion_applicability":null,"expansion":null}],"children":[{"message":"consider giving this closure parameter an explicit type","code":null,"level":"help","spans":[{"file_name":"src/commands.rs","byte_start":9029,"byte_end":9029,"line_start":308,"line_end":308,"column_start":25,"column_end":25,"is_primary":true,"text":[{"text":"            .and_then(|v| v.as_str())","highlight_start":25,"highlight_end":25}],"label":null,"suggested_replacement":": /* Type */","suggestion_applicability":"HasPlaceholders","expansion":null}],"children":[],"rendered":null}],"rendered":"\u001b[1m\u001b[91merror[E0282]\u001b[0m\u001b[1m: type annotations needed\u001b[0m\n   \u001b[1m\u001b[94m--> \u001b[0msrc/commands.rs:308:24\n    \u001b[1m\u001b[94m|\u001b[0m\n\u001b[1m\u001b[94m308\u001b[0m \u001b[1m\u001b[94m|\u001b[0m             .and_then(|v| v.as_str())\n    \u001b[1m\u001b[94m|\u001b[0m                        \u001b[1m\u001b[91m^\u001b[0m  \u001b[1m\u001b[94m-\u001b[0m \u001b[1m\u001b[94mtype must be known at this point\u001b[0m\n    \u001b[1m\u001b[94m|\u001b[0m\n\u001b[1m\u001b[96mhelp\u001b[0m: consider giving this closure parameter an explicit type\n    \u001b[1m\u001b[94m|\u001b[0m\n\u001b[1m\u001b[94m308\u001b[0m \u001b[1m\u001b[94m| \u001b[0m            .and_then(|v\u001b[92m: /* Type */\u001b[0m| v.as_str())\n    \u001b[1m\u001b[94m|\u001b[0m                         \u001b[92m++++++++++++\u001b[0m\n\n"}
{"$message_type":"diagnostic","message":"type annotations needed","code":{"code":"E0282","explanation":"The compiler could not infer a type and asked for a type annotation.\n\nErroneous code example:\n\n```compile_fail,E0282\nlet x = Vec::new();\n```\n\nThis error indicates that type inference did not result in one unique possible\ntype, and extra information is required. In most cases this can be provided\nby adding a type annotation. Sometimes you need to specify a generic type\nparameter manually.\n\nIn the example above, type `Vec` has a type parameter `T`. When calling\n`Vec::new`, barring any other later usage of the variable `x` that allows the\ncompiler to infer what type `T` is, the compiler needs to be told what it is.\n\nThe type can be specified on the variable:\n\n```\nlet x: Vec<i32> = Vec::new();\n```\n\nThe type can also be specified in the path of the expression:\n\n```\nlet x = Vec::<i32>::new();\n```\n\nIn cases with more complex types, it is not necessary to annotate the full\ntype. Once the ambiguity is resolved, the compiler can infer the rest:\n\n```\nlet x: Vec<_> = \"hello\".chars().rev().collect();\n```\n\nAnother way to provide the compiler with enough information, is to specify the\ngeneric type parameter:\n\n```\nlet x = \"hello\".chars().rev().collect::<Vec<char>>();\n```\n\nAgain, you need not specify the full type if the compiler can infer it:\n\n```\nlet x = \"hello\".chars().rev().collect::<Vec<_>>();\n```\n\nApart from a method or function with a generic type parameter, this error can\noccur when a type parameter of a struct or trait cannot be inferred. In that\ncase it is not always possible to use a type annotation, because all candidates\nhave the same return type. For instance:\n\n```compile_fail,E0282\nstruct Foo<T> {\n    num: T,\n}\n\nimpl<T> Foo<T> {\n    fn bar() -> i32 {\n        0\n    }\n\n    fn baz() {\n        let number = Foo::bar();\n    }\n}\n```\n\nThis will fail because the compiler does not know which instance of `Foo` to\ncall `bar` on. Change `Foo::bar()` to `Foo::<T>::bar()` to resolve the error.\n"},"level":"error","spans":[{"file_name":"src/commands.rs","byte_start":9297,"byte_end":9298,"line_start":316,"line_end":316,"column_start":27,"column_end":28,"is_primary":false,"text":[{"text":"            .and_then(|v| v.as_str())","highlight_start":27,"highlight_end":28}],"label":"type must be known at this point","suggested_replacement":null,"suggestion_applicability":null,"expansion":null},{"file_name":"src/commands.rs","byte_start":9294,"byte_end":9295,"line_start":316,"line_end":316,"column_start":24,"column_end":25,"is_primary":true,"text":[{"text":"            .and_then(|v| v.as_str())","highlight_start":24,"highlight_end":25}],"label":null,"suggested_replacement":null,"suggestion_applicability":null,"expansion":null}],"children":[{"message":"consider giving this closure parameter an explicit type","code":null,"level":"help","spans":[{"file_name":"src/commands.rs","byte_start":9295,"byte_end":9295,"line_start":316,"line_end":316,"column_start":25,"column_end":25,"is_primary":true,"text":[{"text":"            .and_then(|v| v.as_str())","highlight_start":25,"highlight_end":25}],"label":null,"suggested_replacement":": /* Type */","suggestion_applicability":"HasPlaceholders","expansion":null}],"children":[],"rendered":null}],"rendered":"\u001b[1m\u001b[91merror[E0282]\u001b[0m\u001b[1m: type annotations needed\u001b[0m\n   \u001b[1m\u001b[94m--> \u001b[0msrc/commands.rs:316:24\n    \u001b[1m\u001b[94m|\u001b[0m\n\u001b[1m\u001b[94m316\u001b[0m \u001b[1m\u001b[94m|\u001b[0m             .and_then(|v| v.as_str())\n    \u001b[1m\u001b[94m|\u001b[0m                        \u001b[1m\u001b[91m^\u001b[0m  \u001b[1m\u001b[94m-\u001b[0m \u001b[1m\u001b[94mtype must be known at this point\u001b[0m\n    \u001b[1m\u001b[94m|\u001b[0m\n\u001b[1m\u001b[96mhelp\u001b[0m: consider giving this closure parameter an explicit type\n    \u001b[1m\u001b[94m|\u001b[0m\n\u001b[1m\u001b[94m316\u001b[0m \u001b[1m\u001b[94m| \u001b[0m            .and_then(|v\u001b[92m: /* Type */\u001b[0m| v.as_str())\n    \u001b[1m\u001b[94m|\u001b[0m                         \u001b[92m++++++++++++\u001b[0m\n\n"}
{"$message_type":"diagnostic","message":"type annotations needed","code":{"code":"E0282","explanation":"The compiler could not infer a type and asked for a type annotation.\n\nErroneous code example:\n\n```compile_fail,E0282\nlet x = Vec::new();\n```\n\nThis error indicates that type inference did not result in one unique possible\ntype, and extra information is required. In most cases this can be provided\nby adding a type annotation. Sometimes you need to specify a generic type\nparameter manually.\n\nIn the example above, type `Vec` has a type parameter `T`. When calling\n`Vec::new`, barring any other later usage of the variable `x` that allows the\ncompiler to infer what type `T` is, the compiler needs to be told what it is.\n\nThe type can be specified on the variable:\n\n```\nlet x: Vec<i32> = Vec::new();\n```\n\nThe type can also be specified in the path of the expression:\n\n```\nlet x = Vec::<i32>::new();\n```\n\nIn cases with more complex types, it is not necessary to annotate the full\ntype. Once the ambiguity is resolved, the compiler can infer the rest:\n\n```\nlet x: Vec<_> = \"hello\".chars().rev().collect();\n```\n\nAnother way to provide the compiler with enough information, is to specify the\ngeneric type parameter:\n\n```\nlet x = \"hello\".chars().rev().collect::<Vec<char>>();\n```\n\nAgain, you need not specify the full type if the compiler can infer it:\n\n```\nlet x = \"hello\".chars().rev().collect::<Vec<_>>();\n```\n\nApart from a method or function with a generic type parameter, this error can\noccur when a type parameter of a struct or trait cannot be inferred. In that\ncase it is not always possible to use a type annotation, because all candidates\nhave the same return type. For instance:\n\n```compile_fail,E0282\nstruct Foo<T> {\n    num: T,\n}\n\nimpl<T> Foo<T> {\n    fn bar() -> i32 {\n        0\n    }\n\n    fn baz() {\n        let number = Foo::bar();\n    }\n}\n```\n\nThis will fail because the compiler does not know which instance of `Foo` to\ncall `bar` on. Change `Foo::bar()` to `Foo::<T>::bar()` to resolve the error.\n"},"level":"error","spans":[{"file_name":"src/commands.rs","byte_start":9456,"byte_end":9457,"line_start":321,"line_end":321,"column_start":27,"column_end":28,"is_primary":false,"text":[{"text":"            .and_then(|v| v.as_str())","highlight_start":27,"highlight_end":28}],"label":"type must be known at this point","suggested_replacement":null,"suggestion_applicability":null,"expansion":null},{"file_name":"src/commands.rs","byte_start":9453,"byte_end":9454,"line_start":321,"line_end":321,"column_start":24,"column_end":25,"is_primary":true,"text":[{"text":"            .and_then(|v| v.as_str())","highlight_start":24,"highlight_end":25}],"label":null,"suggested_replacement":null,"suggestion_applicability":null,"expansion":null}],"children":[{"message":"consider giving this closure parameter an explicit type","code":null,"level":"help","spans":[{"file_name":"src/commands.rs","byte_start":9454,"byte_end":9454,"line_start":321,"line_end":321,"column_start":25,"column_end":25,"is_primary":true,"text":[{"text":"            .and_then(|v| v.as_str())","highlight_start":25,"highlight_end":25}],"label":null,"suggested_replacement":": /* Type */","suggestion_applicability":"HasPlaceholders","expansion":null}],"children":[],"rendered":null}],"rendered":"\u001b[1m\u001b[91merror[E0282]\u001b[0m\u001b[1m: type annotations needed\u001b[0m\n   \u001b[1m\u001b[94m--> \u001b[0msrc/commands.rs:321:24\n    \u001b[1m\u001b[94m|\u001b[0m\n\u001b[1m\u001b[94m321\u001b[0m \u001b[1m\u001b[94m|\u001b[0m             .and_then(|v| v.as_str())\n    \u001b[1m\u001b[94m|\u001b[0m                        \u001b[1m\u001b[91m^\u001b[0m  \u001b[1m\u001b[94m-\u001b[0m \u001b[1m\u001b[94mtype must be known at this point\u001b[0m\n    \u001b[1m\u001b[94m|\u001b[0m\n\u001b[1m\u001b[96mhelp\u001b[0m: consider giving this closure parameter an explicit type\n    \u001b[1m\u001b[94m|\u001b[0m\n\u001b[1m\u001b[94m321\u001b[0m \u001b[1m\u001b[94m| \u001b[0m            .and_then(|v\u001b[92m: /* Type */\u001b[0m| v.as_str())\n    \u001b[1m\u001b[94m|\u001b[0m                         \u001b[92m++++++++++++\u001b[0m\n\n"}
{"$message_type":"diagnostic","message":"type annotations needed","code":{"code":"E0282","explanation":"The compiler could not infer a type and asked for a type annotation.\n\nErroneous code example:\n\n```compile_fail,E0282\nlet x = Vec::new();\n```\n\nThis error indicates that type inference did not result in one unique possible\ntype, and extra information is required. In most cases this can be provided\nby adding a type annotation. Sometimes you need to specify a generic type\nparameter manually.\n\nIn the example above, type `Vec` has a type parameter `T`. When calling\n`Vec::new`, barring any other later usage of the variable `x` that allows the\ncompiler to infer what type `T` is, the compiler needs to be told what it is.\n\nThe type can be specified on the variable:\n\n```\nlet x: Vec<i32> = Vec::new();\n```\n\nThe type can also be specified in the path of the expression:\n\n```\nlet x = Vec::<i32>::new();\n```\n\nIn cases with more complex types, it is not necessary to annotate the full\ntype. Once the ambiguity is resolved, the compiler can infer the rest:\n\n```\nlet x: Vec<_> = \"hello\".chars().rev().collect();\n```\n\nAnother way to provide the compiler with enough information, is to specify the\ngeneric type parameter:\n\n```\nlet x = \"hello\".chars().rev().collect::<Vec<char>>();\n```\n\nAgain, you need not specify the full type if the compiler can infer it:\n\n```\nlet x = \"hello\".chars().rev().collect::<Vec<_>>();\n```\n\nApart from a method or function with a generic type parameter, this error can\noccur when a type parameter of a struct or trait cannot be inferred. In that\ncase it is not always possible to use a type annotation, because all candidates\nhave the same return type. For instance:\n\n```compile_fail,E0282\nstruct Foo<T> {\n    num: T,\n}\n\nimpl<T> Foo<T> {\n    fn bar() -> i32 {\n        0\n    }\n\n    fn baz() {\n        let number = Foo::bar();\n    }\n}\n```\n\nThis will fail because the compiler does not know which instance of `Foo` to\ncall `bar` on. Change `Foo::bar()` to `Foo::<T>::bar()` to resolve the error.\n"},"level":"error","spans":[{"file_name":"src/commands.rs","byte_start":9622,"byte_end":9623,"line_start":326,"line_end":326,"column_start":27,"column_end":28,"is_primary":false,"text":[{"text":"            .and_then(|v| v.as_str())","highlight_start":27,"highlight_end":28}],"label":"type must be known at this point","suggested_replacement":null,"suggestion_applicability":null,"expansion":null},{"file_name":"src/commands.rs","byte_start":9619,"byte_end":9620,"line_start":326,"line_end":326,"column_start":24,"column_end":25,"is_primary":true,"text":[{"text":"            .and_then(|v| v.as_str())","highlight_start":24,"highlight_end":25}],"label":null,"suggested_replacement":null,"suggestion_applicability":null,"expansion":null}],"children":[{"message":"consider giving this closure parameter an explicit type","code":null,"level":"help","spans":[{"file_name":"src/commands.rs","byte_start":9620,"byte_end":9620,"line_start":326,"line_end":326,"column_start":25,"column_end":25,"is_primary":true,"text":[{"text":"            .and_then(|v| v.as_str())","highlight_start":25,"highlight_end":25}],"label":null,"suggested_replacement":": /* Type */","suggestion_applicability":"HasPlaceholders","expansion":null}],"children":[],"rendered":null}],"rendered":"\u001b[1m\u001b[91merror[E0282]\u001b[0m\u001b[1m: type annotations needed\u001b[0m\n   \u001b[1m\u001b[94m--> \u001b[0msrc/commands.rs:326:24\n    \u001b[1m\u001b[94m|\u001b[0m\n\u001b[1m\u001b[94m326\u001b[0m \u001b[1m\u001b[94m|\u001b[0m             .and_then(|v| v.as_str())\n    \u001b[1m\u001b[94m|\u001b[0m                        \u001b[1m\u001b[91m^\u001b[0m  \u001b[1m\u001b[94m-\u001b[0m \u001b[1m\u001b[94mtype must be known at this point\u001b[0m\n    \u001b[1m\u001b[94m|\u001b[0m\n\u001b[1m\u001b[96mhelp\u001b[0m: consider giving this closure parameter an explicit type\n    \u001b[1m\u001b[94m|\u001b[0m\n\u001b[1m\u001b[94m326\u001b[0m \u001b[1m\u001b[94m| \u001b[0m            .and_then(|v\u001b[92m: /* Type */\u001b[0m| v.as_str())\n    \u001b[1m\u001b[94m|\u001b[0m                         \u001b[92m++++++++++++\u001b[0m\n\n"}
{"$message_type":"diagnostic","message":"mismatched types","code":{"code":"E0308","explanation":"Expected type did not match the received type.\n\nErroneous code examples:\n\n```compile_fail,E0308\nfn plus_one(x: i32) -> i32 {\n    x + 1\n}\n\nplus_one(\"Not a number\");\n//       ^^^^^^^^^^^^^^ expected `i32`, found `&str`\n\nif \"Not a bool\" {\n// ^^^^^^^^^^^^ expected `bool`, found `&str`\n}\n\nlet x: f32 = \"Not a float\";\n//     ---   ^^^^^^^^^^^^^ expected `f32`, found `&str`\n//     |\n//     expected due to this\n```\n\nThis error occurs when an expression was used in a place where the compiler\nexpected an expression of a different type. It can occur in several cases, the\nmost common being when calling a function and passing an argument which has a\ndifferent type than the matching type in the function declaration.\n"},"level":"error","spans":[{"file_name":"src/main.rs","byte_start":1025,"byte_end":1037,"line_start":30,"line_end":30,"column_start":36,"column_end":48,"is_primary":true,"text":[{"text":"            sidecar::start_backend(app.handle())?;","highlight_start":36,"highlight_end":48}],"label":"expected `AppHandle`, found `&AppHandle`","suggested_replacement":null,"suggestion_applicability":null,"expansion":null},{"file_name":"src/main.rs","byte_start":1002,"byte_end":1024,"line_start":30,"line_end":30,"column_start":13,"column_end":35,"is_primary":false,"text":[{"text":"            sidecar::start_backend(app.handle())?;","highlight_start":13,"highlight_end":35}],"label":"arguments to this function are incorrect","suggested_replacement":null,"suggestion_applicability":null,"expansion":null}],"children":[{"message":"expected struct `AppHandle`\nfound reference `&AppHandle`","code":null,"level":"note","spans":[],"children":[],"rendered":null},{"message":"function defined here","code":null,"level":"note","spans":[{"file_name":"src/sidecar.rs","byte_start":4781,"byte_end":4802,"line_start":140,"line_end":140,"column_start":22,"column_end":43,"is_primary":false,"text":[{"text":"pub fn start_backend(app_handle: AppHandle) -> Result<(), Box<dyn std::error::Error>> {","highlight_start":22,"highlight_end":43}],"label":"","suggested_replacement":null,"suggestion_applicability":null,"expansion":null},{"file_name":"src/sidecar.rs","byte_start":4767,"byte_end":4780,"line_start":140,"line_end":140,"column_start":8,"column_end":21,"is_primary":true,"text":[{"text":"pub fn start_backend(app_handle: AppHandle) -> Result<(), Box<dyn std::error::Error>> {","highlight_start":8,"highlight_end":21}],"label":null,"suggested_replacement":null,"suggestion_applicability":null,"expansion":null}],"children":[],"rendered":null},{"message":"consider using clone here","code":null,"level":"help","spans":[{"file_name":"src/main.rs","byte_start":1037,"byte_end":1037,"line_start":30,"line_end":30,"column_start":48,"column_end":48,"is_primary":true,"text":[{"text":"            sidecar::start_backend(app.handle())?;","highlight_start":48,"highlight_end":48}],"label":null,"suggested_replacement":".clone()","suggestion_applicability":"MachineApplicable","expansion":null}],"children":[],"rendered":null}],"rendered":"\u001b[1m\u001b[91merror[E0308]\u001b[0m\u001b[1m: mismatched types\u001b[0m\n   \u001b[1m\u001b[94m--> \u001b[0msrc/main.rs:30:36\n    \u001b[1m\u001b[94m|\u001b[0m\n \u001b[1m\u001b[94m30\u001b[0m \u001b[1m\u001b[94m|\u001b[0m             sidecar::start_backend(app.handle())?;\n    \u001b[1m\u001b[94m|\u001b[0m             \u001b[1m\u001b[94m----------------------\u001b[0m \u001b[1m\u001b[91m^^^^^^^^^^^^\u001b[0m \u001b[1m\u001b[91mexpected `AppHandle`, found `&AppHandle`\u001b[0m\n    \u001b[1m\u001b[94m|\u001b[0m             \u001b[1m\u001b[94m|\u001b[0m\n    \u001b[1m\u001b[94m|\u001b[0m             \u001b[1m\u001b[94marguments to this function are incorrect\u001b[0m\n    \u001b[1m\u001b[94m|\u001b[0m\n    \u001b[1m\u001b[94m= \u001b[0m\u001b[1mnote\u001b[0m: expected struct `AppHandle`\n            found reference `\u001b[1m\u001b[35m&\u001b[0mAppHandle`\n\u001b[1m\u001b[92mnote\u001b[0m: function defined here\n   \u001b[1m\u001b[94m--> \u001b[0msrc/sidecar.rs:140:8\n    \u001b[1m\u001b[94m|\u001b[0m\n\u001b[1m\u001b[94m140\u001b[0m \u001b[1m\u001b[94m|\u001b[0m pub fn start_backend(app_handle: AppHandle) -> Result<(), Box<dyn std::error::Error>> {\n    \u001b[1m\u001b[94m|\u001b[0m        \u001b[1m\u001b[92m^^^^^^^^^^^^^\u001b[0m \u001b[1m\u001b[94m---------------------\u001b[0m\n\u001b[1m\u001b[96mhelp\u001b[0m: consider using clone here\n    \u001b[1m\u001b[94m|\u001b[0m\n \u001b[1m\u001b[94m30\u001b[0m \u001b[1m\u001b[94m| \u001b[0m            sidecar::start_backend(app.handle()\u001b[92m.clone()\u001b[0m)?;\n    \u001b[1m\u001b[94m|\u001b[0m                                                \u001b[92m++++++++\u001b[0m\n\n"}
{"$message_type":"diagnostic","message":"unused import: `Manager`","code":{"code":"unused_imports","explanation":null},"level":"warning","spans":[{"file_name":"src/sidecar.rs","byte_start":23,"byte_end":30,"line_start":1,"line_end":1,"column_start":24,"column_end":31,"is_primary":true,"text":[{"text":"use tauri::{AppHandle, Manager};","highlight_start":24,"highlight_end":31}],"label":null,"suggested_replacement":null,"suggestion_applicability":null,"expansion":null}],"children":[],"rendered":"\u001b[1m\u001b[33mwarning\u001b[0m\u001b[1m: unused import: `Manager`\u001b[0m\n \u001b[1m\u001b[94m--> \u001b[0msrc/sidecar.rs:1:24\n  \u001b[1m\u001b[94m|\u001b[0m\n\u001b[1m\u001b[94m1\u001b[0m \u001b[1m\u001b[94m|\u001b[0m use tauri::{AppHandle, Manager};\n  \u001b[1m\u001b[94m|\u001b[0m                        \u001b[1m\u001b[33m^^^^^^^\u001b[0m\n\n"}
{"$message_type":"diagnostic","message":"unused variable: `format`","code":{"code":"unused_variables","explanation":null},"level":"warning","spans":[{"file_name":"src/commands.rs","byte_start":4372,"byte_end":4378,"line_start":144,"line_end":144,"column_start":5,"column_end":11,"is_primary":true,"text":[{"text":"    format: String,","highlight_start":5,"highlight_end":11}],"label":null,"suggested_replacement":null,"suggestion_applicability":null,"expansion":null}],"children":[{"message":"`#[warn(unused_variables)]` (part of `#[warn(unused)]`) on by default","code":null,"level":"note","spans":[],"children":[],"rendered":null},{"message":"if this is intentional, prefix it with an underscore","code":null,"level":"help","spans":[{"file_name":"src/commands.rs","byte_start":4372,"byte_end":4378,"line_start":144,"line_end":144,"column_start":5,"column_end":11,"is_primary":true,"text":[{"text":"    format: String,","highlight_start":5,"highlight_end":11}],"label":null,"suggested_replacement":"_format","suggestion_applicability":"MachineApplicable","expansion":null}],"children":[],"rendered":null}],"rendered":"\u001b[1m\u001b[33mwarning\u001b[0m\u001b[1m: unused variable: `format`\u001b[0m\n   \u001b[1m\u001b[94m--> \u001b[0msrc/commands.rs:144:5\n    \u001b[1m\u001b[94m|\u001b[0m\n\u001b[1m\u001b[94m144\u001b[0m \u001b[1m\u001b[94m|\u001b[0m     format: String,\n    \u001b[1m\u001b[94m|\u001b[0m     \u001b[1m\u001b[33m^^^^^^\u001b[0m \u001b[1m\u001b[33mhelp: if this is intentional, prefix it with an underscore: `_format`\u001b[0m\n    \u001b[1m\u001b[94m|\u001b[0m\n    \u001b[1m\u001b[94m= \u001b[0m\u001b[1mnote\u001b[0m: `#[warn(unused_variables)]` (part of `#[warn(unused)]`) on by default\n\n"}
{"$message_type":"diagnostic","message":"future cannot be sent between threads safely","code":null,"level":"error","spans":[{"file_name":"src/sidecar.rs","byte_start":2566,"byte_end":3902,"line_start":81,"line_end":110,"column_start":9,"column_end":11,"is_primary":true,"text":[{"text":"        tokio::spawn(async move {","highlight_start":9,"highlight_end":34},{"text":"            loop {","highlight_start":1,"highlight_end":19},{"text":"                sleep(Duration::from_secs(HEALTH_CHECK_INTERVAL_SECS)).await;","highlight_start":1,"highlight_end":78},{"text":"                ","highlight_start":1,"highlight_end":17},{"text":"                if !*is_running.lock().unwrap() {","highlight_start":1,"highlight_end":50},{"text":"                    continue;","highlight_start":1,"highlight_end":30},{"text":"                }","highlight_start":1,"highlight_end":18},{"text":"                ","highlight_start":1,"highlight_end":17},{"text":"                if !Self::check_health(BACKEND_PORT).await {","highlight_start":1,"highlight_end":61},{"text":"                    println!(\"Backend health check failed. Attempting restart...\");","highlight_start":1,"highlight_end":84},{"text":"                    ","highlight_start":1,"highlight_end":21},{"text":"                    let mut count = restart_count.lock().unwrap();","highlight_start":1,"highlight_end":67},{"text":"                    if *count < MAX_RESTART_ATTEMPTS {","highlight_start":1,"highlight_end":55},{"text":"                        *count += 1;","highlight_start":1,"highlight_end":37},{"text":"                        drop(count);","highlight_start":1,"highlight_end":37},{"text":"                        ","highlight_start":1,"highlight_end":25},{"text":"                        let manager = BackendManager::new(app_handle.clone());","highlight_start":1,"highlight_end":79},{"text":"                        if let Err(e) = manager.start_backend_process().await {","highlight_start":1,"highlight_end":80},{"text":"                            eprintln!(\"Failed to restart backend: {}\", e);","highlight_start":1,"highlight_end":75},{"text":"                        } else {","highlight_start":1,"highlight_end":33},{"text":"                            println!(\"Backend restarted successfully (attempt {})\", ","highlight_start":1,"highlight_end":85},{"text":"                                   *restart_count.lock().unwrap());","highlight_start":1,"highlight_end":68},{"text":"                        }","highlight_start":1,"highlight_end":26},{"text":"                    } else {","highlight_start":1,"highlight_end":29},{"text":"                        eprintln!(\"Max restart attempts reached. Backend will not restart.\");","highlight_start":1,"highlight_end":94},{"text":"                        *is_running.lock().unwrap() = false;","highlight_start":1,"highlight_end":61},{"text":"                    }","highlight_start":1,"highlight_end":22},{"text":"                }","highlight_start":1,"highlight_end":18},{"text":"            }","highlight_start":1,"highlight_end":14},{"text":"        });","highlight_start":1,"highlight_end":11}],"label":"future created by async block is not `Send`","suggested_replacement":null,"suggestion_applicability":null,"expansion":null}],"children":[{"message":"within `{async block@src/sidecar.rs:81:22: 81:32}`, the trait `Send` is not implemented for `std::sync::MutexGuard<'_, u32>`","code":null,"level":"help","spans":[],"children":[],"rendered":null},{"message":"future is not `Send` as this value is used across an await","code":null,"level":"note","spans":[{"file_name":"src/sidecar.rs","byte_start":3359,"byte_end":3364,"line_start":98,"line_end":98,"column_start":73,"column_end":78,"is_primary":true,"text":[{"text":"                        if let Err(e) = manager.start_backend_process().await {","highlight_start":73,"highlight_end":78}],"label":"await occurs here, with `mut count` maybe used later","suggested_replacement":null,"suggestion_applicability":null,"expansion":{"span":{"file_name":"src/sidecar.rs","byte_start":3359,"byte_end":3364,"line_start":98,"line_end":98,"column_start":73,"column_end":78,"is_primary":false,"text":[{"text":"                        if let Err(e) = manager.start_backend_process().await {","highlight_start":73,"highlight_end":78}],"label":null,"suggested_replacement":null,"suggestion_applicability":null,"expansion":null},"macro_decl_name":"desugaring of `await` expression","def_site_span":{"file_name":"src/main.rs","byte_start":0,"byte_end":0,"line_start":1,"line_end":1,"column_start":1,"column_end":1,"is_primary":false,"text":[],"label":null,"suggested_replacement":null,"suggestion_applicability":null,"expansion":null}}},{"file_name":"src/sidecar.rs","byte_start":3011,"byte_end":3020,"line_start":92,"line_end":92,"column_start":25,"column_end":34,"is_primary":false,"text":[{"text":"                    let mut count = restart_count.lock().unwrap();","highlight_start":25,"highlight_end":34}],"label":"has type `std::sync::MutexGuard<'_, u32>` which is not `Send`","suggested_replacement":null,"suggestion_applicability":null,"expansion":null}],"children":[],"rendered":null},{"message":"required by a bound in `tokio::spawn`","code":null,"level":"note","spans":[{"file_name":"/root/.cargo/registry/src/index.crates.io-1949cf8c6b5b557f/tokio-1.49.0/src/task/spawn.rs","byte_start":5295,"byte_end":5300,"line_start":169,"line_end":169,"column_start":12,"column_end":17,"is_primary":false,"text":[{"text":"    pub fn spawn<F>(future: F) -> JoinHandle<F::Output>","highlight_start":12,"highlight_end":17}],"label":"required by a bound in this function","suggested_replacement":null,"suggestion_applicability":null,"expansion":null},{"file_name":"/root/.cargo/registry/src/index.crates.io-1949cf8c6b5b557f/tokio-1.49.0/src/task/spawn.rs","byte_start":5370,"byte_end":5374,"line_start":171,"line_end":171,"column_start":21,"column_end":25,"is_primary":true,"text":[{"text":"        F: Future + Send + 'static,","highlight_start":21,"highlight_end":25}],"label":"required by this bound in `spawn`","suggested_replacement":null,"suggestion_applicability":null,"expansion":null}],"children":[],"rendered":null}],"rendered":"\u001b[1m\u001b[91merror\u001b[0m\u001b[1m: future cannot be sent between threads safely\u001b[0m\n   \u001b[1m\u001b[94m--> \u001b[0msrc/sidecar.rs:81:9\n    \u001b[1m\u001b[94m|\u001b[0m\n \u001b[1m\u001b[94m81\u001b[0m \u001b[1m\u001b[94m|\u001b[0m \u001b[1m\u001b[91m/\u001b[0m         tokio::spawn(async move {\n \u001b[1m\u001b[94m82\u001b[0m \u001b[1m\u001b[94m|\u001b[0m \u001b[1m\u001b[91m|\u001b[0m             loop {\n \u001b[1m\u001b[94m83\u001b[0m \u001b[1m\u001b[94m|\u001b[0m \u001b[1m\u001b[91m|\u001b[0m                 sleep(Duration::from_secs(HEALTH_CHECK_INTERVAL_SECS)).await;\n\u001b[1m\u001b[94m...\u001b[0m   \u001b[1m\u001b[91m|\u001b[0m\n\u001b[1m\u001b[94m110\u001b[0m \u001b[1m\u001b[94m|\u001b[0m \u001b[1m\u001b[91m|\u001b[0m         });\n    \u001b[1m\u001b[94m|\u001b[0m \u001b[1m\u001b[91m|__________^\u001b[0m \u001b[1m\u001b[91mfuture created by async block is not `Send`\u001b[0m\n    \u001b[1m\u001b[94m|\u001b[0m\n    \u001b[1m\u001b[94m= \u001b[0m\u001b[1mhelp\u001b[0m: within `{async block@src/sidecar.rs:81:22: 81:32}`, the trait `Send` is not implemented for `std::sync::MutexGuard<'_, u32>`\n\u001b[1m\u001b[92mnote\u001b[0m: future is not `Send` as this value is used across an await\n   \u001b[1m\u001b[94m--> \u001b[0msrc/sidecar.rs:98:73\n    \u001b[1m\u001b[94m|\u001b[0m\n \u001b[1m\u001b[94m92\u001b[0m \u001b[1m\u001b[94m|\u001b[0m                     let mut count = restart_count.lock().unwrap();\n    \u001b[1m\u001b[94m|\u001b[0m                         \u001b[1m\u001b[94m---------\u001b[0m \u001b[1m\u001b[94mhas type `std::sync::MutexGuard<'_, u32>` which is not `Send`\u001b[0m\n\u001b[1m\u001b[94m...\u001b[0m\n \u001b[1m\u001b[94m98\u001b[0m \u001b[1m\u001b[94m|\u001b[0m                         if let Err(e) = manager.start_backend_process().await {\n    \u001b[1m\u001b[94m|\u001b[0m                                                                         \u001b[1m\u001b[92m^^^^^\u001b[0m \u001b[1m\u001b[92mawait occurs here, with `mut count` maybe used later\u001b[0m\n\u001b[1m\u001b[92mnote\u001b[0m: required by a bound in `tokio::spawn`\n   \u001b[1m\u001b[94m--> \u001b[0m/root/.cargo/registry/src/index.crates.io-1949cf8c6b5b557f/tokio-1.49.0/src/task/spawn.rs:171:21\n    \u001b[1m\u001b[94m|\u001b[0m\n\u001b[1m\u001b[94m169\u001b[0m \u001b[1m\u001b[94m|\u001b[0m     pub fn spawn<F>(future: F) -> JoinHandle<F::Output>\n    \u001b[1m\u001b[94m|\u001b[0m            \u001b[1m\u001b[94m-----\u001b[0m \u001b[1m\u001b[94mrequired by a bound in this function\u001b[0m\n\u001b[1m\u001b[94m170\u001b[0m \u001b[1m\u001b[94m|\u001b[0m     where\n\u001b[1m\u001b[94m171\u001b[0m \u001b[1m\u001b[94m|\u001b[0m         F: Future + Send + 'static,\n    \u001b[1m\u001b[94m|\u001b[0m                     \u001b[1m\u001b[92m^^^^\u001b[0m \u001b[1m\u001b[92mrequired by this bound in `spawn`\u001b[0m\n\n"}
{"$message_type":"diagnostic","message":"aborting due to 10 previous errors; 3 warnings emitted","code":null,"level":"error","spans":[],"children":[],"rendered":"\u001b[1m\u001b[91merror\u001b[0m\u001b[1m: aborting due to 10 previous errors; 3 warnings emitted\u001b[0m\n\n"}
{"$message_type":"diagnostic","message":"Some errors have detailed explanations: E0282, E0308, E0425, E0599.","code":null,"level":"failure-note","spans":[],"children":[],"rendered":"\u001b[1mSome errors have detailed explanations: E0282, E0308, E0425, E0599.\u001b[0m\n"}
{"$message_type":"diagnostic","message":"For more information about an error, try `rustc --explain E0282`.","code":null,"level":"failure-note","spans":[],"children":[],"rendered":"\u001b[1mFor more information about an error, try `rustc --explain E0282`.\u001b[0m\n"}
